# JRE version: OpenJDK Runtime Environment Corretto-11.0.17.8.1 (11.0.17+8) (build 11.0.17+8-LTS)
# Java VM: OpenJDK 64-Bit Server VM Corretto-11.0.17.8.1 (11.0.17+8-LTS, mixed mode, tiered, compressed oops, g1 gc, windows-amd64)
Heap:
 garbage-first heap   total 312320K, used 21437K [0x0000000702000000, 0x0000000800000000)
  region size 1024K, 14 young (14336K), 14 survivors (14336K)
 Metaspace       used 55212K, capacity 56528K, committed 56780K, reserved 1099776K
  class space    used 6790K, capacity 7322K, committed 7372K, reserved 1048576K
GC Heap History (9 events):
Event: 0.366 GC heap before
{Heap before GC invocations=0 (full 0):
 garbage-first heap   total 260096K, used 24576K [0x0000000702000000, 0x0000000800000000)
  region size 1024K, 24 young (24576K), 0 survivors (0K)
 Metaspace       used 11806K, capacity 12042K, committed 12288K, reserved 1060864K
  class space    used 1128K, capacity 1183K, committed 1280K, reserved 1048576K
}
Event: 0.368 GC heap after
{Heap after GC invocations=1 (full 0):
 garbage-first heap   total 260096K, used 7495K [0x0000000702000000, 0x0000000800000000)
  region size 1024K, 3 young (3072K), 3 survivors (3072K)
 Metaspace       used 11806K, capacity 12042K, committed 12288K, reserved 1060864K
  class space    used 1128K, capacity 1183K, committed 1280K, reserved 1048576K
}
Event: 0.701 GC heap before
{Heap before GC invocations=1 (full 0):
 garbage-first heap   total 260096K, used 59719K [0x0000000702000000, 0x0000000800000000)
  region size 1024K, 55 young (56320K), 3 survivors (3072K)
 Metaspace       used 20678K, capacity 21163K, committed 21248K, reserved 1069056K
  class space    used 2310K, capacity 2509K, committed 2560K, reserved 1048576K
}
Event: 0.704 GC heap after
{Heap after GC invocations=2 (full 0):
 garbage-first heap   total 260096K, used 9649K [0x0000000702000000, 0x0000000800000000)
  region size 1024K, 6 young (6144K), 6 survivors (6144K)
 Metaspace       used 20678K, capacity 21163K, committed 21248K, reserved 1069056K
  class space    used 2310K, capacity 2509K, committed 2560K, reserved 1048576K
}
Event: 0.957 GC heap before
{Heap before GC invocations=3 (full 0):
 garbage-first heap   total 260096K, used 73137K [0x0000000702000000, 0x0000000800000000)
  region size 1024K, 69 young (70656K), 6 survivors (6144K)
 Metaspace       used 28051K, capacity 28695K, committed 28928K, reserved 1075200K
  class space    used 3235K, capacity 3484K, committed 3584K, reserved 1048576K
}
Event: 0.961 GC heap after
{Heap after GC invocations=4 (full 0):
 garbage-first heap   total 260096K, used 12082K [0x0000000702000000, 0x0000000800000000)
  region size 1024K, 5 young (5120K), 5 survivors (5120K)
 Metaspace       used 28051K, capacity 28695K, committed 28928K, reserved 1075200K
  class space    used 3235K, capacity 3484K, committed 3584K, reserved 1048576K
}
Event: 1.494 GC heap before
{Heap before GC invocations=4 (full 0):
 garbage-first heap   total 260096K, used 81714K [0x0000000702000000, 0x0000000800000000)
  region size 1024K, 74 young (75776K), 5 survivors (5120K)
 Metaspace       used 34936K, capacity 35785K, committed 35840K, reserved 1081344K
  class space    used 4134K, capacity 4480K, committed 4480K, reserved 1048576K
}
Event: 1.501 GC heap after
{Heap after GC invocations=5 (full 0):
 garbage-first heap   total 260096K, used 14744K [0x0000000702000000, 0x0000000800000000)
  region size 1024K, 8 young (8192K), 8 survivors (8192K)
 Metaspace       used 34936K, capacity 35785K, committed 35840K, reserved 1081344K
  class space    used 4134K, capacity 4480K, committed 4480K, reserved 1048576K
}
Event: 2.719 GC heap before
{Heap before GC invocations=6 (full 0):
 garbage-first heap   total 260096K, used 155032K [0x0000000702000000, 0x0000000800000000)
  region size 1024K, 145 young (148480K), 8 survivors (8192K)
 Metaspace       used 55212K, capacity 56528K, committed 56780K, reserved 1099776K
  class space    used 6790K, capacity 7322K, committed 7372K, reserved 1048576K
}

