# JRE version: OpenJDK Runtime Environment Corretto-11.0.17.8.1 (11.0.17+8) (build 11.0.17+8-LTS)
# Java VM: OpenJDK 64-Bit Server VM Corretto-11.0.17.8.1 (11.0.17+8-LTS, mixed mode, tiered, compressed oops, g1 gc, windows-amd64)
Heap:
 garbage-first heap   total 312320K, used 21756K [0x0000000702000000, 0x0000000800000000)
  region size 1024K, 14 young (14336K), 14 survivors (14336K)
 Metaspace       used 55940K, capacity 57211K, committed 57420K, reserved 1099776K
  class space    used 6884K, capacity 7399K, committed 7500K, reserved 1048576K
GC Heap History (9 events):
Event: 0.379 GC heap before
{Heap before GC invocations=0 (full 0):
 garbage-first heap   total 260096K, used 24576K [0x0000000702000000, 0x0000000800000000)
  region size 1024K, 24 young (24576K), 0 survivors (0K)
 Metaspace       used 11796K, capacity 12036K, committed 12288K, reserved 1060864K
  class space    used 1129K, capacity 1181K, committed 1280K, reserved 1048576K
}
Event: 0.381 GC heap after
{Heap after GC invocations=1 (full 0):
 garbage-first heap   total 260096K, used 7657K [0x0000000702000000, 0x0000000800000000)
  region size 1024K, 3 young (3072K), 3 survivors (3072K)
 Metaspace       used 11796K, capacity 12036K, committed 12288K, reserved 1060864K
  class space    used 1129K, capacity 1181K, committed 1280K, reserved 1048576K
}
Event: 0.722 GC heap before
{Heap before GC invocations=1 (full 0):
 garbage-first heap   total 260096K, used 59881K [0x0000000702000000, 0x0000000800000000)
  region size 1024K, 55 young (56320K), 3 survivors (3072K)
 Metaspace       used 20692K, capacity 21163K, committed 21248K, reserved 1069056K
  class space    used 2318K, capacity 2509K, committed 2560K, reserved 1048576K
}
Event: 0.725 GC heap after
{Heap after GC invocations=2 (full 0):
 garbage-first heap   total 260096K, used 9753K [0x0000000702000000, 0x0000000800000000)
  region size 1024K, 6 young (6144K), 6 survivors (6144K)
 Metaspace       used 20692K, capacity 21163K, committed 21248K, reserved 1069056K
  class space    used 2318K, capacity 2509K, committed 2560K, reserved 1048576K
}
Event: 0.952 GC heap before
{Heap before GC invocations=3 (full 0):
 garbage-first heap   total 260096K, used 73241K [0x0000000702000000, 0x0000000800000000)
  region size 1024K, 69 young (70656K), 6 survivors (6144K)
 Metaspace       used 28010K, capacity 28670K, committed 28800K, reserved 1075200K
  class space    used 3215K, capacity 3456K, committed 3456K, reserved 1048576K
}
Event: 0.956 GC heap after
{Heap after GC invocations=4 (full 0):
 garbage-first heap   total 260096K, used 12391K [0x0000000702000000, 0x0000000800000000)
  region size 1024K, 5 young (5120K), 5 survivors (5120K)
 Metaspace       used 28010K, capacity 28670K, committed 28800K, reserved 1075200K
  class space    used 3215K, capacity 3456K, committed 3456K, reserved 1048576K
}
Event: 1.443 GC heap before
{Heap before GC invocations=4 (full 0):
 garbage-first heap   total 260096K, used 80999K [0x0000000702000000, 0x0000000800000000)
  region size 1024K, 73 young (74752K), 5 survivors (5120K)
 Metaspace       used 34924K, capacity 35785K, committed 35840K, reserved 1081344K
  class space    used 4136K, capacity 4480K, committed 4480K, reserved 1048576K
}
Event: 1.449 GC heap after
{Heap after GC invocations=5 (full 0):
 garbage-first heap   total 260096K, used 15254K [0x0000000702000000, 0x0000000800000000)
  region size 1024K, 8 young (8192K), 8 survivors (8192K)
 Metaspace       used 34924K, capacity 35785K, committed 35840K, reserved 1081344K
  class space    used 4136K, capacity 4480K, committed 4480K, reserved 1048576K
}
Event: 2.617 GC heap before
{Heap before GC invocations=6 (full 0):
 garbage-first heap   total 260096K, used 162710K [0x0000000702000000, 0x0000000800000000)
  region size 1024K, 152 young (155648K), 8 survivors (8192K)
 Metaspace       used 55940K, capacity 57211K, committed 57420K, reserved 1099776K
  class space    used 6884K, capacity 7399K, committed 7500K, reserved 1048576K
}

